<?xml version="1.0" encoding="UTF-8"?>
<!-- Generated by org.testng.reporters.JUnitReportReporter -->
<testsuite hostname="BhushanDhamange" failures="0" tests="2" name="testrunners.MyTestRunner" time="31.191" errors="0" timestamp="2024-10-06T17:07:51 IST" skipped="0">
  <testcase classname="testrunners.MyTestRunner" name="runScenario" time="14.745"/>
  <system-out/>
  <testcase classname="testrunners.MyTestRunner" name="runScenario" time="16.446"/>
  <system-out/>
</testsuite> <!-- testrunners.MyTestRunner -->
