<?xml version="1.0" encoding="UTF-8"?>
<!-- Generated by org.testng.reporters.JUnitReportReporter -->
<testsuite hostname="BhushanDhamange" failures="0" tests="1" name="testrunners.MyTestRunner" time="4.128" errors="0" timestamp="2024-10-02T02:41:45 IST" skipped="0">
  <testcase classname="testrunners.MyTestRunner" name="runScenario" time="4.128"/>
  <system-out/>
</testsuite> <!-- testrunners.MyTestRunner -->
